[1m[33m
Warning: This is a simple server for use in testing or debugging Angular applications
locally. It hasn't been reviewed for security issues.

Binding this server to an open connection can result in compromising your application or
computer. Using a different host than the one passed to the "--host" flag might result in
websocket connection issues.
    [39m[22m
[1m[31m[31mX [41;31m[[41;97mERROR[41;31m][0m [1mTS2339: Property 'previewVideoCss' does not exist on type 'LandingPreviewComponent'.[0m [1m[35m[plugin angular-compiler][0m

    src/app/features/preview/landing-preview/landing-preview.ts:236:16:
[37m      236 │   <style>${this.[32mpreviewVideoCss[37m()}</style>
          ╵                 [32m~~~~~~~~~~~~~~~[0m


[31mX [41;31m[[41;97mERROR[41;31m][0m [1mTS2339: Property 'previewVideoScript' does not exist on type 'LandingPreviewComponent'.[0m [1m[35m[plugin angular-compiler][0m

    src/app/features/preview/landing-preview/landing-preview.ts:240:17:
[37m      240 │   <script>${this.[32mpreviewVideoScript[37m()}</script>
          ╵                  [32m~~~~~~~~~~~~~~~~~~[0m


[31mX [41;31m[[41;97mERROR[41;31m][0m [1mTS2339: Property 'booleanValue' does not exist on type 'LandingPreviewComponent'.[0m [1m[35m[plugin angular-compiler][0m

    src/app/features/preview/landing-preview/landing-preview.ts:409:21:
[37m      409 │       hasAudio: this.[32mbooleanValue[37m(variant['hasAudio'], false),
          ╵                      [32m~~~~~~~~~~~~[0m

[39m[22m
[1m[31m[31mX [41;31m[[41;97mERROR[41;31m][0m [1mTS2339: Property 'previewVideoCss' does not exist on type 'LandingPreviewComponent'.[0m [1m[35m[plugin angular-compiler][0m

    src/app/features/preview/landing-preview/landing-preview.ts:236:16:
[37m      236 │   <style>${this.[32mpreviewVideoCss[37m()}</style>
          ╵                 [32m~~~~~~~~~~~~~~~[0m


[31mX [41;31m[[41;97mERROR[41;31m][0m [1mTS2339: Property 'previewVideoScript' does not exist on type 'LandingPreviewComponent'.[0m [1m[35m[plugin angular-compiler][0m

    src/app/features/preview/landing-preview/landing-preview.ts:240:17:
[37m      240 │   <script>${this.[32mpreviewVideoScript[37m()}</script>
          ╵                  [32m~~~~~~~~~~~~~~~~~~[0m

[39m[22m
[1m[31m[31mX [41;31m[[41;97mERROR[41;31m][0m [1mTS2345: Argument of type '{ fields: VisualField[]; mediaUrl: string; mediaType: "image" | "video" | ""; id: string; title: string; subtitle: string; selectorLabel: string; component: string; summary: string; }' is not assignable to parameter of type 'VisualGroup'.
  Type '{ fields: VisualField[]; mediaUrl: string; mediaType: "" | "image" | "video"; id: string; title: string; subtitle: string; selectorLabel: string; component: string; summary: string; }' is missing the following properties from type 'VisualGroup': path, hasChildren[0m [1m[35m[plugin angular-compiler][0m

    src/app/features/section-editor/section-editor/section-editor.ts:492:16:
[37m      492 │     groups.push([32m{[37m
          ╵                 [32m^[0m

[39m[22m
[1m[31m[31mX [41;31m[[41;97mERROR[41;31m][0m [1mTS2345: Argument of type '{ fields: VisualField[]; mediaUrl: string; mediaType: "image" | "video" | ""; id: string; title: string; subtitle: string; selectorLabel: string; component: string; summary: string; }' is not assignable to parameter of type 'VisualGroup'.
  Type '{ fields: VisualField[]; mediaUrl: string; mediaType: "" | "image" | "video"; id: string; title: string; subtitle: string; selectorLabel: string; component: string; summary: string; }' is missing the following properties from type 'VisualGroup': path, hasChildren[0m [1m[35m[plugin angular-compiler][0m

    src/app/features/section-editor/section-editor/section-editor.ts:496:16:
[37m      496 │     groups.push([32m{[37m
          ╵                 [32m^[0m

[39m[22m
[1m[31m[31mX [41;31m[[41;97mERROR[41;31m][0m [1mTS2339: Property 'bannerSiblingsForGroup' does not exist on type 'SectionEditorComponent'.[0m [1m[35m[plugin angular-compiler][0m

    src/app/features/section-editor/section-editor/section-editor.ts:206:26:
[37m      206 │     const siblings = this.[32mbannerSiblingsForGroup[37m(group);
          ╵                           [32m~~~~~~~~~~~~~~~~~~~~~~[0m


[31mX [41;31m[[41;97mERROR[41;31m][0m [1mTS2339: Property 'moveBannerByGroup' does not exist on type 'SectionEditorComponent'.[0m [1m[35m[plugin angular-compiler][0m

    src/app/features/section-editor/section-editor/section-editor.ts:214:9:
[37m      214 │     this.[32mmoveBannerByGroup[37m(group, group.bannerIndex + direction);
          ╵          [32m~~~~~~~~~~~~~~~~~[0m


[31mX [41;31m[[41;97mERROR[41;31m][0m [1mTS2339: Property 'duplicateBannerByGroup' does not exist on type 'SectionEditorComponent'.[0m [1m[35m[plugin angular-compiler][0m

    src/app/features/section-editor/section-editor/section-editor.ts:221:9:
[37m      221 │     this.[32mduplicateBannerByGroup[37m(group);
          ╵          [32m~~~~~~~~~~~~~~~~~~~~~~[0m


[31mX [41;31m[[41;97mERROR[41;31m][0m [1mTS2339: Property 'areSiblingBanners' does not exist on type 'SectionEditorComponent'.[0m [1m[35m[plugin angular-compiler][0m

    src/app/features/section-editor/section-editor/section-editor.ts:248:32:
[37m      248 │ ...draggingGroup || !this.[32mareSiblingBanners[37m(draggingGroup, group)...
          ╵                           [32m~~~~~~~~~~~~~~~~~[0m


[31mX [41;31m[[41;97mERROR[41;31m][0m [1mTS2339: Property 'areSiblingBanners' does not exist on type 'SectionEditorComponent'.[0m [1m[35m[plugin angular-compiler][0m

    src/app/features/section-editor/section-editor/section-editor.ts:260:30:
[37m      260 │ ...(draggingGroup && this.[32mareSiblingBanners[37m(draggingGroup, group)...
          ╵                           [32m~~~~~~~~~~~~~~~~~[0m


[31mX [41;31m[[41;97mERROR[41;31m][0m [1mTS2339: Property 'moveBannerByGroup' does not exist on type 'SectionEditorComponent'.[0m [1m[35m[plugin angular-compiler][0m

    src/app/features/section-editor/section-editor/section-editor.ts:261:11:
[37m      261 │       this.[32mmoveBannerByGroup[37m(draggingGroup, group.bannerIndex);
          ╵            [32m~~~~~~~~~~~~~~~~~[0m


[31mX [41;31m[[41;97mERROR[41;31m][0m [1mTS2339: Property 'customPropertiesForGroup' does not exist on type 'SectionEditorComponent'.[0m [1m[35m[plugin angular-compiler][0m

    src/app/features/section-editor/section-editor/section-editor.ts:276:28:
[37m      276 │     const properties = this.[32mcustomPropertiesForGroup[37m(group);
          ╵                             [32m~~~~~~~~~~~~~~~~~~~~~~~~[0m


[31mX [41;31m[[41;97mERROR[41;31m][0m [1mTS2339: Property 'spacingPropertyKeys' does not exist on type 'SectionEditorComponent'.[0m [1m[35m[plugin angular-compiler][0m

    src/app/features/section-editor/section-editor/section-editor.ts:277:16:
[37m      277 │     return this.[32mspacingPropertyKeys[37m(group).map((control) => ({
          ╵                 [32m~~~~~~~~~~~~~~~~~~~[0m


[31mX [41;31m[[41;97mERROR[41;31m][0m [1mTS7006: Parameter 'control' implicitly has an 'any' type.[0m [1m[35m[plugin angular-compiler][0m

    src/app/features/section-editor/section-editor/section-editor.ts:277:48:
[37m      277 │     return this.spacingPropertyKeys(group).map(([32mcontrol[37m) => ({
          ╵                                                 [32m~~~~~~~[0m


[31mX [41;31m[[41;97mERROR[41;31m][0m [1mTS2339: Property 'ensureCustomProperties' does not exist on type 'SectionEditorComponent'.[0m [1m[35m[plugin angular-compiler][0m

    src/app/features/section-editor/section-editor/section-editor.ts:288:28:
[37m      288 │ ...st properties = this.[32mensureCustomProperties[37m(section, group.path);
          ╵                         [32m~~~~~~~~~~~~~~~~~~~~~~[0m


[31mX [41;31m[[41;97mERROR[41;31m][0m [1mTS2345: Argument of type '{ fields: VisualField[]; mediaUrl: string; mediaType: "image" | "video" | ""; id: string; title: string; subtitle: string; selectorLabel: string; component: string; summary: string; }' is not assignable to parameter of type 'VisualGroup'.
  Type '{ fields: VisualField[]; mediaUrl: string; mediaType: "" | "image" | "video"; id: string; title: string; subtitle: string; selectorLabel: string; component: string; summary: string; }' is missing the following properties from type 'VisualGroup': path, hasChildren[0m [1m[35m[plugin angular-compiler][0m

    src/app/features/section-editor/section-editor/section-editor.ts:606:16:
[37m      606 │     groups.push([32m{[37m
          ╵                 [32m^[0m

[39m[22m
[1m[31m[31mX [41;31m[[41;97mERROR[41;31m][0m [1mTS2345: Argument of type '{ fields: VisualField[]; mediaUrl: string; mediaType: "image" | "video" | ""; id: string; title: string; subtitle: string; selectorLabel: string; component: string; summary: string; }' is not assignable to parameter of type 'VisualGroup'.
  Type '{ fields: VisualField[]; mediaUrl: string; mediaType: "" | "image" | "video"; id: string; title: string; subtitle: string; selectorLabel: string; component: string; summary: string; }' is missing the following properties from type 'VisualGroup': path, hasChildren[0m [1m[35m[plugin angular-compiler][0m

    src/app/features/section-editor/section-editor/section-editor.ts:763:16:
[37m      763 │     groups.push([32m{[37m
          ╵                 [32m^[0m

[39m[22m
