
> landing-builder@0.0.0 start
> ng serve --proxy-config proxy.conf.json --host 0.0.0.0

[33m>[39m Building...
[32m√[39m Building...
[1mInitial chunk files[22m[2m | [22m[1mNames[22m        [2m | [22m [1mRaw size[22m
[32mmain.js[39m            [2m | [22m[2mmain[22m         [2m | [22m[36m497.00 kB[39m[2m | [22m
[32mstyles.css[39m         [2m | [22m[2mstyles[22m       [2m | [22m  [36m3.90 kB[39m[2m | [22m

[1m [22m                  [2m | [22m[1mInitial total[22m[2m | [22m[1m500.89 kB[22m

Application bundle generation complete. [7.309 seconds] - 2026-06-01T13:29:54.607Z

Watch mode enabled. Watching for file changes...
NOTE: Raw file sizes do not reflect development server per-request transformations.
  [32m➜[39m  [1mLocal[22m:   [36mhttp://localhost:[1m4200[22m/[39m
  [32m➜[39m  [1mNetwork[22m: [36mhttp://100.96.3.178:[1m4200[22m/[39m
  [32m➜[39m  [1mNetwork[22m: [36mhttp://10.3.60.3:[1m4200[22m/[39m
[33m>[39m Changes detected. Rebuilding...
[32m√[39m Changes detected. Rebuilding...
[1mInitial chunk files[22m[2m | [22m[1mNames[22m[2m | [22m [1mRaw size[22m
[32mmain.js[39m            [2m | [22m[2mmain[22m [2m | [22m[36m497.36 kB[39m[2m | [22m

Application bundle generation complete. [4.102 seconds] - 2026-06-01T13:34:12.852Z

Page reload sent to client(s).
[33m>[39m Changes detected. Rebuilding...
[32m√[39m Changes detected. Rebuilding...
[1mInitial chunk files[22m[2m | [22m[1mNames[22m[2m | [22m [1mRaw size[22m
[32mmain.js[39m            [2m | [22m[2mmain[22m [2m | [22m[36m493.98 kB[39m[2m | [22m

Application bundle generation complete. [2.402 seconds] - 2026-06-01T13:39:43.813Z

Page reload sent to client(s).
[33m>[39m Changes detected. Rebuilding...
[32m√[39m Changes detected. Rebuilding...
[1mInitial chunk files[22m[2m | [22m[1mNames[22m[2m | [22m [1mRaw size[22m
[32mmain.js[39m            [2m | [22m[2mmain[22m [2m | [22m[36m490.96 kB[39m[2m | [22m

Application bundle generation complete. [0.854 seconds] - 2026-06-01T13:40:31.964Z

Page reload sent to client(s).
[33m>[39m Changes detected. Rebuilding...
[32m√[39m Changes detected. Rebuilding...
Application bundle generation failed. [0.776 seconds] - 2026-06-01T13:45:42.151Z

[33m>[39m Changes detected. Rebuilding...
[32m√[39m Changes detected. Rebuilding...
Application bundle generation failed. [0.764 seconds] - 2026-06-01T13:46:43.953Z

[33m>[39m Changes detected. Rebuilding...
[32m√[39m Changes detected. Rebuilding...
[1mInitial chunk files[22m[2m | [22m[1mNames[22m        [2m | [22m [1mRaw size[22m
[32mmain.js[39m            [2m | [22m[2mmain[22m         [2m | [22m[36m499.55 kB[39m[2m | [22m
[32mstyles.css[39m         [2m | [22m[2mstyles[22m       [2m | [22m  [36m3.90 kB[39m[2m | [22m

[1m [22m                  [2m | [22m[1mInitial total[22m[2m | [22m[1m503.45 kB[22m

Application bundle generation complete. [0.725 seconds] - 2026-06-01T13:47:10.737Z

Page reload sent to client(s).
[33m>[39m Changes detected. Rebuilding...
[32m√[39m Changes detected. Rebuilding...
[1mInitial chunk files[22m[2m | [22m[1mNames[22m[2m | [22m [1mRaw size[22m
[32mmain.js[39m            [2m | [22m[2mmain[22m [2m | [22m[36m499.57 kB[39m[2m | [22m

Application bundle generation complete. [0.855 seconds] - 2026-06-01T13:47:46.317Z

Page reload sent to client(s).
[33m>[39m Changes detected. Rebuilding...
[32m√[39m Changes detected. Rebuilding...
[1mInitial chunk files[22m[2m | [22m[1mNames[22m[2m | [22m [1mRaw size[22m
[32mmain.js[39m            [2m | [22m[2mmain[22m [2m | [22m[36m499.99 kB[39m[2m | [22m

Application bundle generation complete. [0.750 seconds] - 2026-06-01T13:51:43.640Z

Page reload sent to client(s).
[33m>[39m Changes detected. Rebuilding...
[32m√[39m Changes detected. Rebuilding...
[1mInitial chunk files[22m[2m | [22m[1mNames[22m[2m | [22m [1mRaw size[22m
[32mmain.js[39m            [2m | [22m[2mmain[22m [2m | [22m[36m500.41 kB[39m[2m | [22m

Application bundle generation complete. [0.494 seconds] - 2026-06-02T05:45:00.186Z

Page reload sent to client(s).
[33m>[39m Changes detected. Rebuilding...
[32m√[39m Changes detected. Rebuilding...
[1mInitial chunk files[22m[2m | [22m[1mNames[22m[2m | [22m [1mRaw size[22m
[32mmain.js[39m            [2m | [22m[2mmain[22m [2m | [22m[36m499.68 kB[39m[2m | [22m

Application bundle generation complete. [0.462 seconds] - 2026-06-02T05:45:08.383Z

Component update sent to client(s).
[33m>[39m Changes detected. Rebuilding...
[32m√[39m Changes detected. Rebuilding...
Application bundle generation failed. [1.815 seconds] - 2026-06-02T05:55:38.807Z

[33m>[39m Changes detected. Rebuilding...
[32m√[39m Changes detected. Rebuilding...
Application bundle generation failed. [1.578 seconds] - 2026-06-02T05:55:45.014Z

[33m>[39m Changes detected. Rebuilding...
[32m√[39m Changes detected. Rebuilding...
Application bundle generation failed. [1.495 seconds] - 2026-06-02T05:56:08.251Z

[33m>[39m Changes detected. Rebuilding...
[32m√[39m Changes detected. Rebuilding...
Application bundle generation failed. [1.690 seconds] - 2026-06-02T05:56:54.059Z

[33m>[39m Changes detected. Rebuilding...
[32m√[39m Changes detected. Rebuilding...
[1mInitial chunk files[22m[2m | [22m[1mNames[22m        [2m | [22m [1mRaw size[22m
[32mmain.js[39m            [2m | [22m[2mmain[22m         [2m | [22m[36m509.00 kB[39m[2m | [22m
[32mstyles.css[39m         [2m | [22m[2mstyles[22m       [2m | [22m  [36m3.90 kB[39m[2m | [22m

[1m [22m                  [2m | [22m[1mInitial total[22m[2m | [22m[1m512.90 kB[22m

Application bundle generation complete. [1.484 seconds] - 2026-06-02T05:57:10.808Z

Page reload sent to client(s).
[33m>[39m Changes detected. Rebuilding...
[32m√[39m Changes detected. Rebuilding...
[1mInitial chunk files[22m[2m | [22m[1mNames[22m[2m | [22m [1mRaw size[22m
[32mmain.js[39m            [2m | [22m[2mmain[22m [2m | [22m[36m518.88 kB[39m[2m | [22m

Application bundle generation complete. [1.932 seconds] - 2026-06-02T05:57:27.708Z

Component update sent to client(s).
[33m>[39m Changes detected. Rebuilding...
[32m√[39m Changes detected. Rebuilding...
[1mInitial chunk files[22m[2m | [22m[1mNames[22m[2m | [22m [1mRaw size[22m
[32mmain.js[39m            [2m | [22m[2mmain[22m [2m | [22m[36m523.11 kB[39m[2m | [22m

Application bundle generation complete. [1.854 seconds] - 2026-06-02T05:57:45.406Z

Component update sent to client(s).
[33m>[39m Changes detected. Rebuilding...
[32m√[39m Changes detected. Rebuilding...
[1mInitial chunk files[22m[2m | [22m[1mNames[22m[2m | [22m [1mRaw size[22m
[32mmain.js[39m            [2m | [22m[2mmain[22m [2m | [22m[36m523.20 kB[39m[2m | [22m

Application bundle generation complete. [1.644 seconds] - 2026-06-02T05:57:50.799Z

Component update sent to client(s).
[33m>[39m Changes detected. Rebuilding...
[32m√[39m Changes detected. Rebuilding...
[1mInitial chunk files[22m[2m | [22m[1mNames[22m[2m | [22m [1mRaw size[22m
[32mmain.js[39m            [2m | [22m[2mmain[22m [2m | [22m[36m523.30 kB[39m[2m | [22m

Application bundle generation complete. [2.060 seconds] - 2026-06-02T06:05:47.312Z

Page reload sent to client(s).
[33m>[39m Changes detected. Rebuilding...
[32m√[39m Changes detected. Rebuilding...
[1mInitial chunk files[22m[2m | [22m[1mNames[22m[2m | [22m [1mRaw size[22m
[32mmain.js[39m            [2m | [22m[2mmain[22m [2m | [22m[36m523.65 kB[39m[2m | [22m

Application bundle generation complete. [2.093 seconds] - 2026-06-02T06:06:01.363Z

Page reload sent to client(s).
[33m>[39m Changes detected. Rebuilding...
[32m√[39m Changes detected. Rebuilding...
[1mInitial chunk files[22m[2m | [22m[1mNames[22m[2m | [22m [1mRaw size[22m
[32mmain.js[39m            [2m | [22m[2mmain[22m [2m | [22m[36m523.96 kB[39m[2m | [22m

Application bundle generation complete. [2.069 seconds] - 2026-06-02T06:06:15.861Z

Page reload sent to client(s).
[33m>[39m Changes detected. Rebuilding...
[32m√[39m Changes detected. Rebuilding...
[1mInitial chunk files[22m[2m | [22m[1mNames[22m[2m | [22m [1mRaw size[22m
[32mmain.js[39m            [2m | [22m[2mmain[22m [2m | [22m[36m524.02 kB[39m[2m | [22m

Application bundle generation complete. [1.853 seconds] - 2026-06-02T06:06:28.238Z

Page reload sent to client(s).
[33m>[39m Changes detected. Rebuilding...
[32m√[39m Changes detected. Rebuilding...
[1mInitial chunk files[22m[2m | [22m[1mNames[22m[2m | [22m [1mRaw size[22m
[32mmain.js[39m            [2m | [22m[2mmain[22m [2m | [22m[36m524.92 kB[39m[2m | [22m

Application bundle generation complete. [2.066 seconds] - 2026-06-02T06:06:45.624Z

Component update sent to client(s).
